<?xml version="1.0" encoding="UTF-8"?>
<!-- Generated by org.testng.reporters.JUnitReportReporter -->
<testsuite skipped="0" hostname="EGCZC2149W2T" name="SP_CYCC.CallyaCustomerInfo_Test" tests="1" failures="0" timestamp="04 Jul 2019 08:28:17 GMT" time="22.915" errors="0">
  <testcase name="navigateToURLandLogin" time="22.915" classname="SP_CYCC.CallyaCustomerInfo_Test"/>
</testsuite> <!-- SP_CYCC.CallyaCustomerInfo_Test -->
