<?xml version="1.0" encoding="UTF-8"?>
<!-- Generated by org.testng.reporters.JUnitReportReporter -->
<testsuite skipped="0" hostname="EGCZC2149W2T" name="SP_CYCC.MSISDN_Info_Test" tests="2" failures="0" timestamp="11 Jul 2019 08:50:22 GMT" time="71.078" errors="0">
  <testcase name="assert_Nachrichten_dropdownfields" time="51.122" classname="SP_CYCC.MSISDN_Info_Test"/>
  <testcase name="navigateToURLandLogin" time="19.956" classname="SP_CYCC.MSISDN_Info_Test"/>
</testsuite> <!-- SP_CYCC.MSISDN_Info_Test -->
