<?xml version="1.0" encoding="UTF-8"?>
<!-- Generated by org.testng.reporters.JUnitReportReporter -->
<testsuite skipped="0" hostname="EGCZC2149W2T" name="SP_CYCC.MSISDN_Info_Test" tests="2" failures="0" timestamp="10 Jul 2019 12:10:55 GMT" time="86.851" errors="0">
  <testcase name="assert_BalanceTransfers_Feilds" time="64.635" classname="SP_CYCC.MSISDN_Info_Test"/>
  <testcase name="navigateToURLandLogin" time="22.216" classname="SP_CYCC.MSISDN_Info_Test"/>
</testsuite> <!-- SP_CYCC.MSISDN_Info_Test -->
